<?xml version="1.0" encoding="UTF-8"?>
<!-- Generated by org.testng.reporters.JUnitReportReporter -->
<testsuite hostname="Ihars-MacBook-Pro.local" failures="0" tests="1" name="ui.mainPage.ErrorDisplayingTest" time="3.145" errors="0" timestamp="2023-02-19T14:38:36 MSK" skipped="0">
  <testcase classname="ui.mainPage.ErrorDisplayingTest" name="errorDisplaying" time="3.145"/>
</testsuite> <!-- ui.mainPage.ErrorDisplayingTest -->
