<?xml version="1.0" encoding="UTF-8"?>
<!-- Generated by org.testng.reporters.JUnitReportReporter -->
<testsuite hostname="Ihars-MacBook-Pro.local" failures="0" tests="3" name="ui.mainPage.ContentTest" time="4.336" errors="0" timestamp="2023-02-19T14:38:36 MSK" skipped="0">
  <testcase classname="ui.mainPage.ContentTest" name="headerTitle" time="3.297"/>
  <testcase classname="ui.mainPage.ContentTest" name="inputField" time="0.532"/>
  <testcase classname="ui.mainPage.ContentTest" name="calculateButton" time="0.507"/>
</testsuite> <!-- ui.mainPage.ContentTest -->
